number,value,datetime_start,datetime_complete,duration,params_V10,params_V11,params_V12,params_V15,params_V18,params_V3,params_V6,params_V9,system_attrs_fixed_params,state
264,0.0,2026-07-08 15:00:24.307597,2026-07-08 15:00:31.492467,0 days 00:00:07.184870,263.6130668959902,240.1928596361099,-309.452160207055,140.51576623138897,-555.7149209392372,-609.7224011570562,-244.76867265884766,398.47930296034394,,COMPLETE
265,1.0,2026-07-08 15:00:31.551110,2026-07-08 15:00:38.229362,0 days 00:00:06.678252,126.26563811771288,195.73333572864811,-366.8892139047516,200.48344164920223,-707.7544522550421,-448.4746957499983,-188.7448917490853,553.5123700227247,,COMPLETE
266,13.0,2026-07-08 15:00:38.265567,2026-07-08 15:00:46.570824,0 days 00:00:08.305257,201.6004785427882,241.1501613283842,-330.39885049798363,260.586208043468,-503.32619977077167,-481.9044103319955,-129.412360952531,432.55862142790573,,COMPLETE
267,0.0,2026-07-08 15:00:46.602741,2026-07-08 15:00:55.040844,0 days 00:00:08.438103,189.4650989926302,164.41464138697117,-337.90110601509855,318.8273942640112,-496.58931024862227,-483.35937698291025,-349.8540545012504,440.1300685412175,,COMPLETE
268,5.0,2026-07-08 15:00:55.092171,2026-07-08 15:01:03.905344,0 days 00:00:08.813173,222.58091140036672,239.75268510028693,-411.9888940606066,274.2553087862416,-477.01182667406727,-434.66384533202245,-150.4187389723117,607.3815198425859,,COMPLETE
269,0.0,2026-07-08 15:01:03.944851,2026-07-08 15:01:13.388817,0 days 00:00:09.443966,167.79032272890774,207.23668973986128,-303.3193592359352,180.50072575129172,-524.9231362130117,-535.8000423478464,-223.04302175815394,378.44878675421387,,COMPLETE
270,4.0,2026-07-08 15:01:13.427536,2026-07-08 15:01:22.961265,0 days 00:00:09.533729,244.29594000729776,106.70612463221204,-468.37416827163776,224.96733768277838,215.24299004332943,-420.5455590812061,-126.25858020874131,498.1407908210709,,COMPLETE
271,0.0,2026-07-08 15:01:22.998292,2026-07-08 15:01:30.431889,0 days 00:00:07.433597,205.2735604250061,267.0790753705096,-258.44068044425603,106.45714538026571,143.28673607801764,685.5310648301902,-289.13946580629045,411.7640878043031,,COMPLETE
272,19.0,2026-07-08 15:01:30.461536,2026-07-08 15:01:38.092814,0 days 00:00:07.631278,144.36199516189444,189.4457077884531,-375.1925505905159,308.20717517019824,-442.20221873609444,-491.31673274469637,-188.71122550525314,458.997951544382,,COMPLETE
273,2.0,2026-07-08 15:01:38.131938,2026-07-08 15:01:45.615019,0 days 00:00:07.483081,138.32750812266835,231.72045086778303,-366.3334074171299,323.27184295326356,-432.48686828741836,-465.77386211139196,-123.13128103884684,458.83370173132823,,COMPLETE
274,0.0,2026-07-08 15:01:45.644408,2026-07-08 15:01:53.827913,0 days 00:00:08.183505,90.41883573608959,154.4214328043116,-387.8021483266263,271.7729115025777,-467.96625850867,-510.88126101666506,-205.7808128615876,381.79660662017875,,COMPLETE
275,6.0,2026-07-08 15:01:53.865723,2026-07-08 15:02:00.851846,0 days 00:00:06.986123,274.96469847517966,274.61135715974143,-275.0961299115375,324.7515844430608,-735.4318712621165,-413.8802033642442,-242.65575628555686,432.7374558278294,,COMPLETE
276,0.0,2026-07-08 15:02:00.890156,2026-07-08 15:02:07.770888,0 days 00:00:06.880732,148.31800078590942,216.89994791697933,-337.0802881597884,54.952007538763944,250.66926962881388,-549.0802226754063,25.924600581166295,362.23178709888265,,COMPLETE
277,4.0,2026-07-08 15:02:07.805578,2026-07-08 15:02:14.698889,0 days 00:00:06.893311,246.68771545818709,245.73015412885914,-237.62254770104678,154.6540170325489,-605.0323696183297,-469.69686790633216,-154.3123616722641,412.0381925020356,,COMPLETE
278,0.0,2026-07-08 15:02:14.733550,2026-07-08 15:02:21.654505,0 days 00:00:06.920955,276.6602966521777,289.55769056294224,-451.3821819938609,299.09001589943136,-504.86778633379816,-417.7179841891509,-25.31914107219614,465.2893322311852,,COMPLETE
279,23.0,2026-07-08 15:02:21.691978,2026-07-08 15:02:29.194321,0 days 00:00:07.502343,223.22061619549257,193.1739547140653,-285.6291447193937,198.15964438429333,172.2675212563449,-509.5114803709675,-109.69022425262207,386.89786562412024,,COMPLETE
280,0.0,2026-07-08 15:02:29.224098,2026-07-08 15:02:35.549029,0 days 00:00:06.324931,66.00287242167622,184.65830983212288,-351.7724297136801,195.94565511657848,208.87802416524266,-526.787124367927,-112.59357292540695,336.30948266809037,,COMPLETE
281,19.0,2026-07-08 15:02:35.583019,2026-07-08 15:02:42.424758,0 days 00:00:06.841739,178.23274696942883,126.11128645679707,-422.58958510450714,119.36956956231387,172.91126288369298,-560.5971771562097,-4.612882357895394,489.19294732006443,,COMPLETE
282,0.0,2026-07-08 15:02:42.487151,2026-07-08 15:02:49.024591,0 days 00:00:06.537440,116.28242482016853,45.0433112502125,-492.0985807064291,111.8254619679305,188.09971298285592,-553.0715891986496,81.16616997392825,495.2069651515773,,COMPLETE
283,17.0,2026-07-08 15:02:49.061003,2026-07-08 15:02:55.357428,0 days 00:00:06.296425,165.17072272084886,101.17463287940471,-422.64799975228414,134.11896650405285,145.58663750755989,-571.841827317264,7.520885596060964,454.4571489959442,,COMPLETE
284,0.0,2026-07-08 15:02:55.387328,2026-07-08 15:03:02.179111,0 days 00:00:06.791783,157.21366740053912,72.30033600945012,-411.6139632805665,82.5438748071401,115.40585786170598,-584.0771402064098,41.14925156568301,444.86319398196406,,COMPLETE
285,0.0,2026-07-08 15:03:02.222572,2026-07-08 15:03:09.357188,0 days 00:00:07.134616,183.14678497056735,122.2960395407098,-461.05503140017106,140.6801256957478,156.27807628272438,-625.1456756759944,2.6434844075048787,542.4463741679356,,COMPLETE
286,0.0,2026-07-08 15:03:09.395769,2026-07-08 15:03:15.798585,0 days 00:00:06.402816,229.28809966272397,108.80780316942804,-437.837006211071,56.802267877615265,162.89818622713526,-566.9528975734004,-16.730779698516244,492.69345998535596,,COMPLETE
287,0.0,2026-07-08 15:03:15.837599,2026-07-08 15:03:23.505821,0 days 00:00:07.668222,139.2735251505611,15.743703823295377,-401.3604575006485,168.39564946621064,121.71627529033516,-441.114309370553,111.0501378336997,659.507077997242,,COMPLETE
288,17.0,2026-07-08 15:03:23.543466,2026-07-08 15:03:30.250058,0 days 00:00:06.706592,178.70750923460827,131.25209851542104,-375.609494104386,119.41673808283312,229.43942769333435,-684.6873543085726,39.359299360616106,583.3190683080636,,COMPLETE
289,8.0,2026-07-08 15:03:30.308208,2026-07-08 15:03:37.230621,0 days 00:00:06.922413,74.588801865797,93.72203651268183,-381.6617148744933,26.372947436823054,188.38516524592995,-756.9825280791546,33.757465669631856,584.915400182841,,COMPLETE
290,31.0,2026-07-08 15:03:37.266213,2026-07-08 15:03:44.638644,0 days 00:00:07.372431,173.5817248602317,156.4151220420656,-343.8946367724904,127.46093061067766,218.84021340386866,-528.6220845466511,66.34971415481533,469.49151277989563,,COMPLETE
291,1.0,2026-07-08 15:03:44.682817,2026-07-08 15:03:51.590731,0 days 00:00:06.907914,131.83469331619176,152.56170747076288,-402.13613109658877,114.41863166365839,235.9647929223521,-594.1390966116236,89.05348779052386,463.4599486880028,,COMPLETE
292,0.0,2026-07-08 15:03:51.623334,2026-07-08 15:03:58.943671,0 days 00:00:07.320337,203.5498195466872,74.84425272683787,-488.4818193117695,82.53326161337918,152.31836938427756,-644.1255995642737,42.80158784487843,421.5253859381751,,COMPLETE
293,7.0,2026-07-08 15:03:59.003546,2026-07-08 15:04:06.267500,0 days 00:00:07.263954,104.69727563736774,126.49312624806205,-440.2594101501661,138.16819233424232,206.9420012217201,-539.4156323464583,59.53324846533542,473.4489252079865,,COMPLETE
294,2.0,2026-07-08 15:04:06.313966,2026-07-08 15:04:13.176693,0 days 00:00:06.862727,228.75091940504436,140.4073507302864,-367.49476089951554,184.171689520807,245.58050813019935,-671.7245227266673,128.73950917765757,422.13865705960313,,COMPLETE
295,0.0,2026-07-08 15:04:13.224323,2026-07-08 15:04:19.962800,0 days 00:00:06.738477,176.86023168983192,-13.593579873047247,-332.6864858983944,116.65378573813138,216.45400161727838,-835.0559929047681,-9.195961762963298,510.7643662758409,,COMPLETE
296,6.0,2026-07-08 15:04:19.998609,2026-07-08 15:04:26.685776,0 days 00:00:06.687167,212.1550514841807,190.96017251665197,-374.0863036853251,150.86948877242224,183.76811166451768,-522.7226768454125,14.410177364117352,568.3546823223778,,COMPLETE
297,2.0,2026-07-08 15:04:26.725671,2026-07-08 15:04:33.639902,0 days 00:00:06.914231,163.10983101719987,147.32278845449466,-435.04428704819776,70.31525472049118,98.16428574448756,-561.5781573222772,89.36919798083807,450.36146197277486,,COMPLETE
298,3.0,2026-07-08 15:04:33.689396,2026-07-08 15:04:40.566138,0 days 00:00:06.876742,244.91874058070218,184.2070280336045,-523.8221603083019,194.4135936539028,260.3428837894834,-503.9345442539262,-35.850201446407354,710.3178521414112,,COMPLETE
299,0.0,2026-07-08 15:04:40.610570,2026-07-08 15:04:49.071561,0 days 00:00:08.460991,31.825747155334554,111.87784073004184,-314.0108590062408,5.091748343350105,152.85148129047786,-694.3384390812771,14.735152985563676,406.06278703772125,,COMPLETE
