number,value,datetime_start,datetime_complete,duration,params_V10,params_V11,params_V12,params_V15,params_V18,params_V3,params_V6,params_V9,system_attrs_fixed_params,state
176,0.0,2026-07-08 14:50:10.770160,2026-07-08 14:50:17.117262,0 days 00:00:06.347102,195.57661055522294,394.70425269269873,-194.9051694813979,158.66623500764766,444.42823884114136,-410.10898996419166,650.1087549333412,89.30957575080998,,COMPLETE
177,0.0,2026-07-08 14:50:17.152716,2026-07-08 14:50:23.775438,0 days 00:00:06.622722,458.92609057955184,247.32216049876473,-126.61794641492676,303.1403557623751,-654.8146957631964,-636.6857037443422,-225.6589273059462,211.29280404687563,,COMPLETE
178,0.0,2026-07-08 14:50:23.815513,2026-07-08 14:50:30.718489,0 days 00:00:06.902976,332.78220570240086,170.9738915054038,-43.92000164092917,408.908851309194,406.12556155991166,-454.7563502163674,-170.27993522534166,134.6407873749629,,COMPLETE
179,1.0,2026-07-08 14:50:30.755293,2026-07-08 14:50:37.420482,0 days 00:00:06.665189,144.5442668236677,281.8405410277122,-308.29372224154633,260.3105653252226,-577.2929673551945,-328.7908526526559,-128.37901532050287,320.21255631446445,,COMPLETE
180,0.0,2026-07-08 14:50:37.451967,2026-07-08 14:50:43.961802,0 days 00:00:06.509835,239.51295477544758,444.964086795132,-96.17859023263247,442.21971657127284,372.5086174140467,-734.5122294228931,41.934809888803315,370.7099254977118,,COMPLETE
181,1.0,2026-07-08 14:50:44.005184,2026-07-08 14:50:50.748849,0 days 00:00:06.743665,306.56662168187904,309.06989224247064,-210.3133781243767,388.4424214395057,326.0649585849261,-392.1778910322254,-81.30810868980747,268.9221487144461,,COMPLETE
182,10.0,2026-07-08 14:50:50.787464,2026-07-08 14:50:57.081025,0 days 00:00:06.293561,291.54070467036195,245.6911267490508,-181.9236986775827,221.72602283863966,431.76317316017963,-357.0088395572822,-57.24308266803502,278.59227532930197,,COMPLETE
183,0.0,2026-07-08 14:50:57.117291,2026-07-08 14:51:03.340608,0 days 00:00:06.223317,396.4654163207018,214.45300928364222,-153.738220931108,216.9635279995633,434.94748441306444,-967.996362938763,-50.81995644575156,173.0463534008405,,COMPLETE
184,0.0,2026-07-08 14:51:03.378386,2026-07-08 14:51:10.157333,0 days 00:00:06.778947,222.92810468682245,368.7264974676292,-188.62036379375303,304.4724220456105,633.0789019602471,-213.83839607517115,13.615190806862756,237.47314199406372,,COMPLETE
185,0.0,2026-07-08 14:51:10.190006,2026-07-08 14:51:17.405466,0 days 00:00:07.215460,344.32079790878515,248.78126797621147,-270.0306548651672,185.83287176053062,399.9395544815433,-326.00354297244394,-157.0979505493171,204.83034394648928,,COMPLETE
186,3.0,2026-07-08 14:51:17.443826,2026-07-08 14:51:24.192064,0 days 00:00:06.748238,286.67792241104496,359.15999121602397,-118.87776196446889,255.60558578910369,504.90449476627145,-421.5899501201906,-102.03340054269009,348.3604737439481,,COMPLETE
187,5.0,2026-07-08 14:51:24.222384,2026-07-08 14:51:31.548075,0 days 00:00:07.325691,299.58443969794763,400.9927969126583,-90.33331497877361,238.1965961386997,468.65243609583536,-479.39781766317424,-131.23456193362907,335.4132019964821,,COMPLETE
188,5.0,2026-07-08 14:51:31.586816,2026-07-08 14:51:39.191542,0 days 00:00:07.604726,379.8332274519281,413.3420875013356,-12.59429508095053,224.8391197406471,462.7238554067308,-492.50252817762885,-188.90331822715854,294.9892068373786,,COMPLETE
189,0.0,2026-07-08 14:51:39.220544,2026-07-08 14:51:46.664970,0 days 00:00:07.444426,438.19573673705986,407.8876351498726,-39.22461273762515,225.86730633767087,469.4468630383716,-540.6145307208706,-177.1856963415098,320.80176566291806,,COMPLETE
190,0.0,2026-07-08 14:51:46.704120,2026-07-08 14:51:53.529754,0 days 00:00:06.825634,386.57946279100264,452.59927666466166,-6.974503651295421,168.80661242699244,625.3224814971137,-485.83656837700045,-126.74817114726753,123.08451568595851,,COMPLETE
191,6.0,2026-07-08 14:51:53.572827,2026-07-08 14:52:00.220903,0 days 00:00:06.648076,325.84507789943484,283.3876524399144,-67.89811665506495,295.15230974523945,441.06914836964467,-451.1790518092556,-76.72591479543715,270.0974848053443,,COMPLETE
192,3.0,2026-07-08 14:52:00.265793,2026-07-08 14:52:06.826762,0 days 00:00:06.560969,358.0879016217455,200.71292017289278,-79.81730009120851,291.1296652831469,443.16019549590686,-467.72602024441164,-37.369577611225736,248.2421223424139,,COMPLETE
193,0.0,2026-07-08 14:52:06.864454,2026-07-08 14:52:13.541277,0 days 00:00:06.676823,331.9350194412144,261.4194727338455,-148.0695606910544,313.1861211081347,998.832107809409,-594.354703862668,-111.60370761814167,294.8857293850849,,COMPLETE
194,0.0,2026-07-08 14:52:13.579993,2026-07-08 14:52:20.133994,0 days 00:00:06.554001,180.73510739805175,359.90336492386706,-73.32969715478347,252.65969043813365,-766.5950770932898,-515.2336369649397,-22.12456557019977,182.54741123839332,,COMPLETE
195,0.0,2026-07-08 14:52:20.170385,2026-07-08 14:52:26.772955,0 days 00:00:06.602570,238.01879382235057,289.7635613531038,27.281093980715752,278.46480148835013,386.57697647872,-446.7256435366919,-206.12735670985114,205.81523879206063,,COMPLETE
196,0.0,2026-07-08 14:52:26.814699,2026-07-08 14:52:33.392160,0 days 00:00:06.577461,301.6506643973969,508.05770892166765,-112.56000896979901,397.78558186303593,458.65822595449276,-403.6572391402956,-149.87737701725592,234.07644007029808,,COMPLETE
197,0.0,2026-07-08 14:52:33.434635,2026-07-08 14:52:40.131595,0 days 00:00:06.696960,394.6949086853832,409.15637620240796,-193.26133470474753,196.07035090401894,290.37839021443466,-576.3651753760189,-87.4043155753183,290.54938842442954,,COMPLETE
198,0.0,2026-07-08 14:52:40.172356,2026-07-08 14:52:46.970339,0 days 00:00:06.797983,267.9594006106145,240.3030536510975,-36.894167471486654,421.1345122158653,517.5243404751537,-355.12316076951953,-558.412202321703,159.86704960150252,,COMPLETE
199,0.0,2026-07-08 14:52:47.009634,2026-07-08 14:52:53.483758,0 days 00:00:06.474124,329.6553933706276,151.9089884182311,-159.6063463625028,325.1574145055874,400.82753114727774,-299.43591324113106,14.572038761157295,340.8345231394312,,COMPLETE
200,0.0,2026-07-08 14:52:53.516607,2026-07-08 14:53:00.178792,0 days 00:00:06.662185,203.55089017547718,207.00970837027702,-90.800630130553,463.38819702206604,-992.7832422679243,-426.00511815282584,-48.04040387157674,70.81825742713973,,COMPLETE
201,2.0,2026-07-08 14:53:00.211529,2026-07-08 14:53:07.393228,0 days 00:00:07.181699,311.43019164189155,320.398352241119,-220.3557895230165,338.1344409805258,353.7215241230306,-362.50730620674443,-78.63105044387656,263.4669195214854,,COMPLETE
202,4.0,2026-07-08 14:53:07.442457,2026-07-08 14:53:14.786236,0 days 00:00:07.343779,358.0933099595943,297.1240469161864,-182.65374431614185,376.7707203223807,431.04609035203293,-384.28221226815083,-121.35516261184485,226.95921885191967,,COMPLETE
203,3.0,2026-07-08 14:53:14.826306,2026-07-08 14:53:22.056056,0 days 00:00:07.229750,361.4390412338628,279.9743392691696,-137.70594571293276,232.69836556088944,477.1424581411379,-510.35046695834455,-116.16863849598349,222.8274726866042,,COMPLETE
204,1.0,2026-07-08 14:53:22.096246,2026-07-08 14:53:28.662612,0 days 00:00:06.566366,266.16612276246974,359.4753096458655,-190.18751003433985,379.8404746343764,552.9112920849481,-396.9416652364443,-146.21932362671106,179.8383495014831,,COMPLETE
205,0.0,2026-07-08 14:53:28.704604,2026-07-08 14:53:35.291951,0 days 00:00:06.587347,467.11838800259477,298.0935124524092,-127.46641585135328,277.58732475981094,419.1217506312489,-276.11744433363094,-45.526823479699644,299.5731087111231,,COMPLETE
206,0.0,2026-07-08 14:53:35.339377,2026-07-08 14:53:42.027419,0 days 00:00:06.688042,392.9103330831797,394.08170243713863,-176.26243895041438,145.5135924207705,438.72977581613935,-476.71714192922184,-12.183527808768417,252.74595138777332,,COMPLETE
207,1.0,2026-07-08 14:53:42.070956,2026-07-08 14:53:48.659109,0 days 00:00:06.588153,349.8037054832028,242.9953898022315,-64.37286599123105,325.44397256840426,375.7501958151089,-308.43167688679233,-195.81573617261105,131.3704539057698,,COMPLETE
208,3.0,2026-07-08 14:53:48.691621,2026-07-08 14:53:55.786786,0 days 00:00:07.095165,231.53672203059782,352.9208667847064,-223.50909158226972,401.80263285915476,301.39790911588807,-340.22056832052635,-105.65583459231281,212.65222757252138,,COMPLETE
209,0.0,2026-07-08 14:53:55.829647,2026-07-08 14:54:02.748554,0 days 00:00:06.918907,285.0531683579926,443.1535485042057,-6.785998185435696,447.2752095790076,484.68743383747335,-250.61854743190236,-163.60450344936527,325.88306868782684,,COMPLETE
210,0.0,2026-07-08 14:54:02.780843,2026-07-08 14:54:09.476436,0 days 00:00:06.695593,413.2119289984541,266.10079270309905,-320.7920333471591,307.70898292198405,244.31767807443362,-416.4565950857333,-75.21798381099627,429.80446133523014,,COMPLETE
211,5.0,2026-07-08 14:54:09.517068,2026-07-08 14:54:16.527055,0 days 00:00:07.009987,308.59629318118647,306.57267320869835,-250.31113517495984,363.8882018126703,353.35819292535757,-370.35865840571756,-67.38559148341403,274.53866539677534,,COMPLETE
212,4.0,2026-07-08 14:54:16.552807,2026-07-08 14:54:23.568163,0 days 00:00:07.015356,303.30803551352426,328.17601337540896,-256.8407831716855,383.19577855542434,412.49434760703264,-384.0735125863358,-41.336854194774375,276.5377185541138,,COMPLETE
213,3.0,2026-07-08 14:54:23.607942,2026-07-08 14:54:30.927113,0 days 00:00:07.319171,279.5227042992075,341.2803204219626,-264.3437267628014,356.8809869216169,379.06870518231,-382.5549916902218,-31.24934353429977,279.32495855601667,,COMPLETE
214,15.0,2026-07-08 14:54:30.961673,2026-07-08 14:54:37.636238,0 days 00:00:06.674565,323.78178618456144,302.2913536198407,-211.15498565148823,233.0093842834306,330.62893754323636,-444.0980065317684,-8.421191627412682,256.270779161992,,COMPLETE
215,0.0,2026-07-08 14:54:37.684072,2026-07-08 14:54:44.257772,0 days 00:00:06.573700,328.7385896619238,217.83406181413346,-230.33443408671897,217.179145740583,313.86136267941816,-469.6928526867234,44.82963695794418,359.2379960997496,,COMPLETE
216,9.0,2026-07-08 14:54:44.295549,2026-07-08 14:54:51.034812,0 days 00:00:06.739263,239.95401984590077,295.16828543195993,-297.98750697850255,261.25720168244015,346.2159769460986,-438.4353490181203,-7.892561119415028,295.4751621986071,,COMPLETE
217,3.0,2026-07-08 14:54:51.072437,2026-07-08 14:54:58.552353,0 days 00:00:07.479916,136.69065308603382,279.45970300166357,-350.27271211937955,276.71940363028625,338.94680529790975,-456.78093927049935,2.4704734662516614,328.42250828292373,,COMPLETE
218,13.0,2026-07-08 14:54:58.593415,2026-07-08 14:55:06.103414,0 days 00:00:07.509999,182.99518437626148,177.0793510639432,-290.62918234434926,244.27680524201034,269.7829636697021,-532.2913849098536,-119.07038728310599,244.62787833131773,,COMPLETE
219,0.0,2026-07-08 14:55:06.140230,2026-07-08 14:55:13.392369,0 days 00:00:07.252139,177.85499773027257,181.86934371228904,-320.351928053788,185.7687680532308,277.86726521437447,-637.7360272310019,993.0804142848783,304.3784497852055,,COMPLETE
220,29.0,2026-07-08 14:55:13.456342,2026-07-08 14:55:20.607977,0 days 00:00:07.151635,228.51750855501234,241.2583589686276,-288.4247272237401,252.94668230081237,199.05759223035332,-482.86880439937505,32.791174103779014,397.0513536375531,,COMPLETE
221,60.0,2026-07-08 14:55:20.649358,2026-07-08 14:55:27.188993,0 days 00:00:06.539635,230.71760737025187,247.58372505831727,-281.8902035685049,215.04460486434516,209.1952491521359,-541.4730811524453,31.265584738916395,411.7746080145201,,COMPLETE
222,2.0,2026-07-08 14:55:27.228310,2026-07-08 14:55:35.326939,0 days 00:00:08.098629,228.31339029847828,224.81528080503472,-314.54415819699,129.96980382406565,286.2695528216722,-552.7406835780163,74.5494528530705,404.17253009090194,,COMPLETE
223,0.0,2026-07-08 14:55:35.366550,2026-07-08 14:55:42.195012,0 days 00:00:06.828462,255.34969004240747,184.0905773755847,-290.99201572149025,221.6982692218853,207.74911925483764,-627.1475823260935,23.677041654731624,449.2393857067624,,COMPLETE
224,4.0,2026-07-08 14:55:42.229417,2026-07-08 14:55:49.112452,0 days 00:00:06.883035,211.9477525114648,253.21914650855538,-279.3485776633596,239.5416865399439,197.27154600878075,-514.3976136645999,-12.322459855928784,346.6476844058792,,COMPLETE
225,0.0,2026-07-08 14:55:49.177964,2026-07-08 14:55:55.776306,0 days 00:00:06.598342,245.35539321770972,111.21428856742457,-377.686565520641,169.05116965688507,260.78227832264935,-541.1913587900272,62.68894135121826,388.8812347970118,,COMPLETE
226,21.0,2026-07-08 14:55:55.833047,2026-07-08 14:56:02.498787,0 days 00:00:06.665740,267.97280536404196,255.57356928235123,-244.6356144072266,290.45195071980373,314.8521265440546,-507.16844707939043,-56.90488417072936,266.6882434179094,,COMPLETE
227,7.0,2026-07-08 14:56:02.561376,2026-07-08 14:56:10.500661,0 days 00:00:07.939285,204.6382614234179,243.026428226291,-289.39843150692116,288.05082327283867,316.15218006509184,-503.5645146328992,-238.57450127708668,375.07709936843935,,COMPLETE
228,0.0,2026-07-08 14:56:10.536664,2026-07-08 14:56:17.151467,0 days 00:00:06.614803,93.48580682216135,151.06863046670583,-359.8045137740171,266.95621279936324,233.91385083953043,-593.7771018044671,-231.77415933795578,383.16930377162936,,COMPLETE
229,11.0,2026-07-08 14:56:17.186372,2026-07-08 14:56:23.955844,0 days 00:00:06.769472,195.0628808300806,225.3291496592861,-304.11932358014013,199.53675931601765,309.0367490759321,-504.87051466112774,-272.82743322298705,436.5355958898096,,COMPLETE
230,3.0,2026-07-08 14:56:23.994229,2026-07-08 14:56:30.712178,0 days 00:00:06.717949,205.39240380565207,206.7136081589047,-285.6208679954538,199.3792891990081,303.41880496232744,-507.50068979584756,-267.7091141273901,498.4282876008451,,COMPLETE
231,2.0,2026-07-08 14:56:30.749682,2026-07-08 14:56:37.470041,0 days 00:00:06.720359,154.61705556315596,254.67465934675158,-342.0332820988026,295.56266679973413,317.68865718848065,-543.9572782936751,-230.74971560542645,454.3556760808086,,COMPLETE
232,33.0,2026-07-08 14:56:37.531626,2026-07-08 14:56:44.166923,0 days 00:00:06.635297,247.37351568805585,235.72632048882684,-300.8998609873588,102.77713650074473,232.4793435685105,-473.90050816373207,-178.4174848214704,424.4618542411472,,COMPLETE
233,14.0,2026-07-08 14:56:44.198790,2026-07-08 14:56:50.991724,0 days 00:00:06.792934,251.11425483702274,191.16077408776886,-299.2903561591951,100.16258609155923,213.76539065223392,-505.35225435600415,-167.60858060082415,422.5974952805861,,COMPLETE
234,0.0,2026-07-08 14:56:51.023932,2026-07-08 14:56:58.025860,0 days 00:00:07.001928,238.3931650674455,172.07798532609638,-308.0177976441653,109.82495165183488,169.5282752187204,-514.7138485379127,-304.7666238856481,433.828922315906,,COMPLETE
235,15.0,2026-07-08 14:56:58.068457,2026-07-08 14:57:04.639099,0 days 00:00:06.570642,267.86731000615396,214.60252685730785,-400.060730927546,181.00222258111364,224.8653689428873,-487.04533441974814,-184.20910726801657,410.59984416169215,,COMPLETE
236,0.0,2026-07-08 14:57:04.673328,2026-07-08 14:57:11.425856,0 days 00:00:06.752528,255.64968033412896,200.30492692575274,-353.2889592127964,142.9391293287174,245.5906486021204,-569.5296173547073,-252.64767965484234,413.5353648383648,,COMPLETE
237,5.0,2026-07-08 14:57:11.464680,2026-07-08 14:57:18.275719,0 days 00:00:06.811039,224.85406416067917,228.12237557427798,-386.84751972430206,89.05046121015067,219.93930398210765,-493.40042467024506,-160.13252580147378,507.03310432455686,,COMPLETE
238,0.0,2026-07-08 14:57:18.339500,2026-07-08 14:57:24.844045,0 days 00:00:06.504545,270.5705594668611,138.97081155443263,-293.92775694886944,160.78301879369224,207.7291636091987,-538.3288617048097,-194.02749961963474,464.9424173489568,,COMPLETE
239,3.0,2026-07-08 14:57:24.882936,2026-07-08 14:57:31.780828,0 days 00:00:06.897892,117.79281257171033,78.55786457039225,-399.4007283865321,80.22786505630006,267.3462140302503,-442.95855996573584,-138.4510310010982,403.2678849786622,,COMPLETE
240,0.0,2026-07-08 14:57:31.851728,2026-07-08 14:57:38.578991,0 days 00:00:06.727263,206.13664257716985,260.04873956748924,-427.9990200952134,199.52783370971733,179.75450663508678,-602.3291540135626,-126.43410654711724,430.542679087219,,COMPLETE
241,6.0,2026-07-08 14:57:38.615754,2026-07-08 14:57:44.986228,0 days 00:00:06.370474,271.2825299188576,261.6698518573681,-266.21906348836035,231.46887083750522,295.99306298915775,-486.4951070470431,-182.20577381560022,364.60359690687244,,COMPLETE
242,7.0,2026-07-08 14:57:45.052996,2026-07-08 14:57:51.715321,0 days 00:00:06.662325,262.4289695627277,261.5567208517504,-274.80267954399426,239.88127537468796,291.0600935809979,-491.6125248631889,-177.54379281670876,377.3435027760422,,COMPLETE
243,3.0,2026-07-08 14:57:51.781011,2026-07-08 14:57:58.480408,0 days 00:00:06.699397,257.7315051002956,260.34699971978523,-270.2647336155226,132.36978047561706,287.78169832453614,-439.77774315980236,-269.3030992674819,374.79886379509,,COMPLETE
244,0.0,2026-07-08 14:57:58.602681,2026-07-08 14:58:05.192587,0 days 00:00:06.589906,161.2978778865562,213.92890331008064,-221.77891204881297,183.59627566864657,245.22135807727,-531.0030793203713,-222.07867895587088,471.4790121783799,,COMPLETE
245,7.0,2026-07-08 14:58:05.262863,2026-07-08 14:58:12.289417,0 days 00:00:07.026554,201.83986092316587,188.54257277727555,-310.6990310393654,248.90023011742693,-541.5125839285425,-489.37879168978816,-172.28179545716407,531.8554842247275,,COMPLETE
246,3.0,2026-07-08 14:58:12.324443,2026-07-08 14:58:19.442151,0 days 00:00:07.117708,189.50734778695062,189.4594233039069,-330.5041668393342,257.03017135013425,-689.2408794929755,-484.4298894218623,-179.88201396754602,540.2590140074175,,COMPLETE
247,0.0,2026-07-08 14:58:19.490704,2026-07-08 14:58:26.537424,0 days 00:00:07.046720,217.52191704162118,145.504769846004,-300.4334194745475,211.01323633413594,304.27614010757554,-563.3919539109419,-229.3896368676356,407.42247150941535,,COMPLETE
248,14.0,2026-07-08 14:58:26.570575,2026-07-08 14:58:34.243505,0 days 00:00:07.672930,259.67042845728844,243.1881081865404,-270.3047392954164,279.23675508319053,-569.7802667179262,-435.0584809100764,-170.35814494866042,460.06429754129,,COMPLETE
249,9.0,2026-07-08 14:58:34.480315,2026-07-08 14:58:41.814828,0 days 00:00:07.334513,250.36991510230976,225.9239150773533,-340.795317512882,270.03657118282644,-558.3264659866317,-440.55700665907654,-184.51322303922652,478.1811452345452,,COMPLETE
250,10.0,2026-07-08 14:58:41.858261,2026-07-08 14:58:48.754912,0 days 00:00:06.896651,249.25146697525543,227.49246345844588,-333.5401693031764,259.65567478654623,-549.9617494955345,-450.6156420650782,-193.21438396954096,516.9873641051482,,COMPLETE
251,1.0,2026-07-08 14:58:48.790840,2026-07-08 14:58:55.692416,0 days 00:00:06.901576,171.27265552582384,173.28331766550718,-341.31103356635765,279.3964850711636,-533.3791950791668,-435.8853745687479,-324.02377830406095,588.4560128170913,,COMPLETE
252,0.0,2026-07-08 14:58:55.733046,2026-07-08 14:59:03.487912,0 days 00:00:07.754866,216.9290383014226,225.39244311961616,-384.8545722801776,168.98797923329843,-605.0849814985183,-453.82309960820527,-267.91352408258905,519.7741903996979,,COMPLETE
253,0.0,2026-07-08 14:59:03.528870,2026-07-08 14:59:11.596659,0 days 00:00:08.067789,139.49365800496668,103.33719344032019,-350.1710908788783,263.25020435841657,-607.5417323321669,-520.1058066767239,-212.2649389238939,467.57227835795413,,COMPLETE
254,28.0,2026-07-08 14:59:11.628910,2026-07-08 14:59:19.428066,0 days 00:00:07.799156,244.42409820667632,197.48442347343453,-329.5077610084517,200.96568427130117,-522.1257272651576,-484.02800094075343,-178.94764930800477,437.3102353993809,,COMPLETE
255,0.0,2026-07-08 14:59:19.470380,2026-07-08 14:59:26.870777,0 days 00:00:07.400397,246.21064623934183,184.92575350962903,-318.3082485434169,117.11150617974599,-531.1710403292557,-673.4191715460554,-167.49717216981497,564.2031035998311,,COMPLETE
256,0.0,2026-07-08 14:59:26.916170,2026-07-08 14:59:34.645364,0 days 00:00:07.729194,195.31080474449342,57.16857790095182,-424.88896328125844,40.85007363242278,-542.8219026940338,-566.2093291175244,-242.1854805090544,492.1460044762403,,COMPLETE
257,0.0,2026-07-08 14:59:34.684230,2026-07-08 14:59:42.117858,0 days 00:00:07.433628,249.3481063537425,140.89223327534827,-305.6150079065701,191.2726276895283,-511.33916550654766,-488.5870431311263,-197.0172828796581,431.6053112837866,,COMPLETE
258,3.0,2026-07-08 14:59:42.154541,2026-07-08 14:59:49.591569,0 days 00:00:07.437028,225.5001277655892,219.75996770087485,-368.9973280753316,218.00134253025084,-564.183576977056,-422.3372349275983,-280.3567842216038,538.2471155362432,,COMPLETE
259,0.0,2026-07-08 14:59:49.638551,2026-07-08 14:59:56.414361,0 days 00:00:06.775810,53.19514267870201,224.5892192770714,-283.14191634524633,159.90890905602927,-635.6533241415575,-523.5417117381239,-170.2908783550063,435.6056754355737,,COMPLETE
260,9.0,2026-07-08 14:59:56.489620,2026-07-08 15:00:03.851181,0 days 00:00:07.361561,168.31388539422036,175.94851485424888,-331.1354126990671,240.8227606275011,-630.6510069810503,-473.4125839079039,-143.92475050556172,520.5264042274392,,COMPLETE
261,0.0,2026-07-08 15:00:03.920395,2026-07-08 15:00:11.072280,0 days 00:00:07.151885,160.18690216922283,181.9652182965687,-336.5628540546294,85.89540849208782,-675.5845205834785,-474.4409977311599,-212.6136994341631,516.6214885596337,,COMPLETE
262,0.0,2026-07-08 15:00:11.110325,2026-07-08 15:00:17.834117,0 days 00:00:06.723792,184.47152550977742,124.68848322429326,-397.60020597921124,238.55472887170595,-558.6945377636084,-564.3901143689106,-157.24843002819128,489.9897447322899,,COMPLETE
263,2.0,2026-07-08 15:00:17.872653,2026-07-08 15:00:24.273062,0 days 00:00:06.400409,104.45790690888242,151.70407227053886,-260.97635079765394,291.10482357263993,-625.454767626833,-511.26367453351656,-135.7973781706553,474.803310118843,,COMPLETE
