number,value,datetime_start,datetime_complete,duration,params_V10,params_V11,params_V12,params_V15,params_V18,params_V3,params_V6,params_V9,system_attrs_fixed_params,state
88,0.0,2026-07-08 12:23:35.269636,2026-07-08 12:23:40.948727,0 days 00:00:05.679091,11.009361752916789,684.2800120203018,54.20546996479868,391.68107049633466,-83.97260622890097,-409.2827001473495,-179.57929387653277,214.52562753855676,,COMPLETE
89,0.0,2026-07-08 12:23:40.983775,2026-07-08 12:23:46.295273,0 days 00:00:05.311498,394.38880452687584,-998.7761484874367,-562.5080183329687,-427.39742034148156,303.22045001121455,54.6958859717383,-66.07484001404805,-326.4171605810159,,COMPLETE
90,0.0,2026-07-08 12:23:46.330346,2026-07-08 12:23:52.134571,0 days 00:00:05.804225,693.8240022699141,-446.29684662145536,-263.48137266266286,211.2168111016979,130.13165686008506,-27.900874787852814,-140.0130458058165,264.2485351013018,,COMPLETE
91,0.0,2026-07-08 12:23:52.164978,2026-07-08 12:23:58.522044,0 days 00:00:06.357066,-208.23159471681106,-134.451361397892,-649.5844739716023,-466.7497597429224,-450.5071712673407,-242.9821423609758,78.90064373257324,-342.3079397378273,,COMPLETE
92,0.0,2026-07-08 12:23:58.556809,2026-07-08 12:24:04.372841,0 days 00:00:05.816032,-524.5474360004108,-348.85299391115694,-753.7510889391697,-393.4661107953292,-323.9165306786397,-168.3667768843267,16.45172223381061,-238.86094688132553,,COMPLETE
93,0.0,2026-07-08 12:24:04.399474,2026-07-08 12:24:10.603275,0 days 00:00:06.203801,-731.8345841779594,-575.4053928286188,-796.6954259118293,-308.5009863294034,-357.25751247717875,-266.7907346049485,-36.649345439992864,-424.25549166502265,,COMPLETE
94,0.0,2026-07-08 12:24:10.669322,2026-07-08 12:24:17.042044,0 days 00:00:06.372722,-433.4559688815103,-172.63170108840018,-965.2733931655681,-93.36948238966256,-392.3796707033979,-344.98392683200535,-86.11471436738896,918.9989382586662,,COMPLETE
95,0.0,2026-07-08 12:24:17.074663,2026-07-08 12:24:23.613661,0 days 00:00:06.538998,-327.5447216915114,-533.0271296879325,-924.3934994127377,250.64515214670678,-17.180753527876746,101.09037755126464,-243.74997340888368,676.3158298675844,,COMPLETE
96,0.0,2026-07-08 12:24:23.661641,2026-07-08 12:24:29.599942,0 days 00:00:05.938301,902.2078000672786,-217.92486019818392,205.7702337226515,175.52397595675149,-477.85753704417607,-300.2707983740344,-19.59857985830637,-580.6685231291035,,COMPLETE
97,0.0,2026-07-08 12:24:29.632606,2026-07-08 12:24:34.859853,0 days 00:00:05.227247,619.5327022975358,-452.90672596799016,-620.72938307387,-378.3062633349508,371.2781637368489,-113.73328042458421,-129.18538919816956,401.05086137272434,,COMPLETE
98,0.0,2026-07-08 12:24:34.899396,2026-07-08 12:24:40.111435,0 days 00:00:05.212039,-451.2873213780441,-623.845148926435,535.9399389990859,62.61881958571,103.5439259146865,-317.563508151126,-179.24250236610558,-8.78967221814299,,COMPLETE
99,0.0,2026-07-08 12:24:40.148331,2026-07-08 12:24:46.032911,0 days 00:00:05.884580,150.20697738333874,732.7880805479972,136.96598205290357,-283.07023207546536,152.86737143846884,133.08394498385786,344.2227363183849,883.6921693336178,,COMPLETE
100,0.0,2026-07-08 12:24:46.069466,2026-07-08 12:24:51.777172,0 days 00:00:05.707706,542.5286684231874,339.4065847759774,-464.4992236860526,-463.8333922089711,73.48509572978048,-69.76428849788711,-52.98394333929083,789.3180559119057,,COMPLETE
101,0.0,2026-07-08 12:24:51.816794,2026-07-08 12:24:56.759121,0 days 00:00:04.942327,-963.8812303444028,204.0889270899408,762.1954510899657,-32.30027019347992,-419.1012849101485,444.97498565278573,279.0738058609773,-874.0049710869939,,COMPLETE
102,0.0,2026-07-08 12:24:56.797401,2026-07-08 12:25:01.964744,0 days 00:00:05.167343,-829.1816072466194,83.52677000731535,-886.4554487809871,114.60399461945829,-482.65491021792934,476.2205968376278,174.10679282490787,-920.3852308494365,,COMPLETE
103,0.0,2026-07-08 12:25:02.003037,2026-07-08 12:25:07.097063,0 days 00:00:05.094026,-604.67527489947,134.2904844554041,877.877478321675,38.30361568924453,-337.57583459640364,312.5520771773125,398.36742168623834,178.8179075766827,,COMPLETE
104,0.0,2026-07-08 12:25:07.133931,2026-07-08 12:25:12.720697,0 days 00:00:05.586766,784.3630182536355,-259.7544643985732,-233.7625363127322,0.9538972921727186,-56.489517142544116,395.60297443157475,15.522695956747931,-498.88901005528385,,COMPLETE
105,0.0,2026-07-08 12:25:12.754436,2026-07-08 12:25:18.557610,0 days 00:00:05.803174,271.47960231185147,420.0515831969627,971.7735426662118,-54.50637599072671,-499.45614740094203,7.891885817117263,135.89902065225246,731.1904592739536,,COMPLETE
106,0.0,2026-07-08 12:25:18.594838,2026-07-08 12:25:23.775686,0 days 00:00:05.180848,-787.0782301152808,21.234241707243626,-371.74014982071185,474.2727903069127,-271.65762949853286,-375.43494175781626,436.1372900761295,-752.4824461092487,,COMPLETE
107,0.0,2026-07-08 12:25:23.809143,2026-07-08 12:25:29.824272,0 days 00:00:06.015129,-883.6655713029687,-848.6251509091735,-105.53049225421822,72.77377012083991,-241.7052663800016,355.0947123049466,334.0964077528063,-997.4918607316544,,COMPLETE
108,0.0,2026-07-08 12:25:29.857958,2026-07-08 12:25:36.722332,0 days 00:00:06.864374,335.62527955461553,637.2383739016327,-15.227456744143065,-113.37264651227461,11.919828851453914,157.75058472171443,-410.460777807579,-791.2024474140516,,COMPLETE
109,0.0,2026-07-08 12:25:36.748749,2026-07-08 12:25:42.846827,0 days 00:00:06.098078,-101.09200675598146,280.6002036020531,676.9780541476106,-350.2226961281516,-128.34009903480998,79.59346549017616,487.11117431196675,-388.3551489633771,,COMPLETE
110,0.0,2026-07-08 12:25:42.883077,2026-07-08 12:25:48.087586,0 days 00:00:05.204509,-324.42128510816696,-340.6026515314362,916.1252246900317,302.55420898426524,-375.1598203288639,-140.0429919411307,-303.62090644456146,26.72047772566246,,COMPLETE
111,0.0,2026-07-08 12:25:48.132477,2026-07-08 12:25:53.775680,0 days 00:00:05.643203,580.2071172603316,-706.8430908164864,-310.89541847163247,-175.1528743792224,-411.1957643971333,-429.9304613650119,100.9685225567338,447.47042956627723,,COMPLETE
112,0.0,2026-07-08 12:25:53.800944,2026-07-08 12:25:59.643511,0 days 00:00:05.842567,417.92167967371995,209.6574971518718,467.61049753788615,-137.11091579456473,-438.3498839003456,-84.7311784099266,232.94775431328557,313.2025373714226,,COMPLETE
113,0.0,2026-07-08 12:25:59.670186,2026-07-08 12:26:05.629601,0 days 00:00:05.959415,495.20759800906967,-31.925540528190083,-393.93838905858206,18.755797936900663,-344.8180943221912,-41.799970157088325,59.38753941589883,568.1639146135494,,COMPLETE
114,0.0,2026-07-08 12:26:05.657784,2026-07-08 12:26:11.853382,0 days 00:00:06.195598,236.68974306869643,536.0546276055184,-507.7110220146222,-89.0489720332408,-468.2741351308488,-479.6899080204429,74.45832847890176,521.8850399745763,,COMPLETE
115,0.0,2026-07-08 12:26:11.885139,2026-07-08 12:26:17.086818,0 days 00:00:05.201679,296.3014405902064,976.9131163176995,-563.3281360504379,-18.01566788616163,-286.3936492423403,-406.6666938829047,-96.4813711518699,-236.07372014738712,,COMPLETE
116,0.0,2026-07-08 12:26:17.105384,2026-07-08 12:26:23.694816,0 days 00:00:06.589432,82.79711202605175,236.91002426938047,-173.21641271787027,118.00510051836399,-306.0361184606254,39.425986349657414,-15.611866664792302,962.7183891928139,,COMPLETE
117,0.0,2026-07-08 12:26:23.726879,2026-07-08 12:26:29.918884,0 days 00:00:06.192005,872.1058667631161,819.6810220465197,-728.45129128853,444.436816999942,-35.758511791976616,257.53799672734203,-444.3130621136231,-724.0548924952543,,COMPLETE
118,0.0,2026-07-08 12:26:29.943633,2026-07-08 12:26:35.847574,0 days 00:00:05.903941,197.50879343786244,375.34141548077446,266.7769154673988,-438.74259078599766,47.10700117881309,192.93658886104842,4.075303803094201,635.9513388365724,,COMPLETE
119,0.0,2026-07-08 12:26:35.875521,2026-07-08 12:26:41.543451,0 days 00:00:05.667930,447.26281510275226,931.4013798231255,74.38586063115909,-324.41871142754775,-174.70525464895502,-212.35734799290873,37.86414179872117,-685.2516707601924,,COMPLETE
120,0.0,2026-07-08 12:26:41.587327,2026-07-08 12:26:47.620800,0 days 00:00:06.033473,355.2949566320889,889.5553137495353,-69.07855188114758,-488.6118675261625,405.4361907334284,124.98134934358795,-274.7270583856777,485.5460066819019,,COMPLETE
121,0.0,2026-07-08 12:26:47.647609,2026-07-08 12:26:52.719232,0 days 00:00:05.071623,825.6705754360573,766.6519207002736,-537.9145787913722,-208.7516097738927,-99.90385642919615,-237.67636585057613,198.09497193647752,422.5934863661414,,COMPLETE
122,0.0,2026-07-08 12:26:52.752337,2026-07-08 12:26:57.819310,0 days 00:00:05.066973,895.4011674574149,-801.1232281264166,-618.8763999047296,-159.7758403814123,-140.9566031085714,-319.2601587770937,-478.1226675714667,359.5309988730139,,COMPLETE
123,0.0,2026-07-08 12:26:57.846070,2026-07-08 12:27:03.013343,0 days 00:00:05.167273,937.2677249254248,585.6102185587052,-420.12684312378957,-94.08886842175926,-209.47154978673137,-274.5847553854042,114.42540089199521,244.0971294001456,,COMPLETE
124,0.0,2026-07-08 12:27:03.049836,2026-07-08 12:27:08.016172,0 days 00:00:04.966336,746.0852763407163,954.2523141037858,-702.8144074258764,-186.0117777271431,-300.83061761117375,-190.84289847552887,144.6860499319641,481.30966142486056,,COMPLETE
125,0.0,2026-07-08 12:27:08.042885,2026-07-08 12:27:12.997384,0 days 00:00:04.954499,663.2367836916305,994.5083640866455,-472.91113815733917,-48.44653680568655,-366.5638775747457,-4.496691849169949,310.4208686420252,-345.10884093155585,,COMPLETE
126,0.0,2026-07-08 12:27:13.021782,2026-07-08 12:27:17.964805,0 days 00:00:04.943023,152.18362044157126,477.4844730424942,14.143278898673259,-125.64304083287698,-249.64142950601735,98.78375923558576,211.8960646896677,88.24359361999674,,COMPLETE
127,0.0,2026-07-08 12:27:17.982509,2026-07-08 12:27:23.112927,0 days 00:00:05.130418,-9.18025962954249,137.1550422447484,-342.5512343168164,-15.17583541668193,-21.407476904258246,238.99726790670294,272.4569575460692,-142.9688476764253,,COMPLETE
128,0.0,2026-07-08 12:27:23.136032,2026-07-08 12:27:28.477881,0 days 00:00:05.341849,786.7731320239143,856.6647578646948,-277.3003043492498,-73.2744589934619,31.35413960047839,173.2343803273434,-161.63141636815436,293.50729081901216,,COMPLETE
129,0.0,2026-07-08 12:27:28.510744,2026-07-08 12:27:33.884135,0 days 00:00:05.373391,119.64486685278474,-668.8068357430562,-422.21635975110985,-404.6639771073351,-221.28205650124502,58.44445516434557,427.81537518084303,-54.67740937456591,,COMPLETE
130,0.0,2026-07-08 12:27:33.910878,2026-07-08 12:27:39.182445,0 days 00:00:05.271567,701.0669910597765,-761.7290220259945,-119.82043426566486,417.64139010246174,-77.29476106502284,-252.98574181687067,159.95919728616104,847.4133571254268,,COMPLETE
131,2.0,2026-07-08 12:27:39.208570,2026-07-08 12:27:44.397805,0 days 00:00:05.189235,259.30781623284446,324.0392608357872,-280.0064325172133,349.06229508090917,352.6238958389708,-218.25524473021068,-63.71312631247335,380.9767739137607,,COMPLETE
132,1.0,2026-07-08 12:27:44.438695,2026-07-08 12:27:49.446273,0 days 00:00:05.007578,252.9659213867666,325.7625247911601,-216.49460366147264,331.6847794413375,484.3244028636056,-260.6509122110536,-33.56596790937453,393.2737113088259,,COMPLETE
133,0.0,2026-07-08 12:27:49.478821,2026-07-08 12:27:54.727785,0 days 00:00:05.248964,251.46418637382504,376.1891261902273,-290.70951583284875,369.5873496586668,495.2901008405993,-226.5912619811084,-56.49976413787263,350.440285371367,,COMPLETE
134,0.0,2026-07-08 12:27:54.754360,2026-07-08 12:27:59.897855,0 days 00:00:05.143495,-564.6968072436132,114.53799554867209,-214.64115120206225,341.36459861210597,449.69415544339296,-168.3000586782801,-19.350014115605774,393.08352169040427,,COMPLETE
135,5.0,2026-07-08 12:27:59.943187,2026-07-08 12:28:04.967346,0 days 00:00:05.024159,320.7827116505167,316.96391035742425,-167.54717021087095,388.6981872076408,388.7405280287291,-309.38961636386546,-74.85781208136538,460.99168410309704,,COMPLETE
136,4.0,2026-07-08 12:28:05.004080,2026-07-08 12:28:11.063097,0 days 00:00:06.059017,186.23166565407172,238.03864546615605,-188.0418716241731,310.23367134421915,471.0710535483627,-299.6281399378655,-76.89185818361653,188.55745557691588,,COMPLETE
137,0.0,2026-07-08 12:28:11.097963,2026-07-08 12:28:16.749694,0 days 00:00:05.651731,182.90620068465938,260.6831367886084,-162.26479596109942,323.1365652565742,469.91554405564386,-308.1646589805846,-103.55567346811314,132.3506312478181,,COMPLETE
138,3.0,2026-07-08 12:28:16.780119,2026-07-08 12:28:22.668000,0 days 00:00:05.887881,304.1493613575769,404.21298108610637,-88.62489141161171,387.5768992791521,397.6677213618919,-284.341663993666,-77.63389557989785,210.18283274968675,,COMPLETE
139,3.0,2026-07-08 12:28:22.698965,2026-07-08 12:28:28.032115,0 days 00:00:05.333150,370.57931064629554,318.2901973475694,-81.6816010047433,384.21532766276545,404.3863573036997,-332.2686685578937,-79.06897236892748,216.78808302010094,,COMPLETE
140,0.0,2026-07-08 12:28:28.061873,2026-07-08 12:28:33.155292,0 days 00:00:05.093419,356.47924025018415,326.3850084268382,-88.41484372949559,394.4298056551133,400.8806816741763,-344.3527361019351,-44.38320606595119,199.67186645350068,,COMPLETE
141,9.0,2026-07-08 12:28:33.180134,2026-07-08 12:28:38.267648,0 days 00:00:05.087514,299.9562169222752,310.30491617019686,-131.67091515077448,356.4734847712949,351.09628827843784,-288.38683227344836,-76.32184472631263,249.8403923718281,,COMPLETE
142,4.0,2026-07-08 12:28:38.317246,2026-07-08 12:28:43.548093,0 days 00:00:05.230847,312.45396369395434,313.16609759574067,-233.50498109374854,363.7985349015214,352.1889173224776,-328.1003165548245,-83.37653676942631,268.2235226827102,,COMPLETE
143,4.0,2026-07-08 12:28:43.586221,2026-07-08 12:28:48.564235,0 days 00:00:04.978014,286.40094104920587,308.6231031685767,-235.63055152405965,365.74766835818525,348.8267016815709,-365.12938022804235,-75.42324009826716,258.59972686554283,,COMPLETE
144,2.0,2026-07-08 12:28:48.601320,2026-07-08 12:28:53.961223,0 days 00:00:05.359903,299.53870221182046,324.4218413700674,-225.15955440915582,366.17853070583845,345.0441703578886,-359.07673274960763,-70.8985714036844,279.25585726463896,,COMPLETE
145,5.0,2026-07-08 12:28:53.990877,2026-07-08 12:28:59.364851,0 days 00:00:05.373974,313.00144854833843,312.20983866939486,-213.90089154628964,358.8977798303853,348.34090831801115,-321.7033871590151,-82.62124585742166,259.4977187525504,,COMPLETE
146,5.0,2026-07-08 12:28:59.401149,2026-07-08 12:29:04.627461,0 days 00:00:05.226312,302.67528402041006,308.70318884577506,-189.48615682870968,361.8760221591917,348.1106347642722,-327.9467442131488,-73.17152301847483,277.1860501855782,,COMPLETE
147,7.0,2026-07-08 12:29:04.663239,2026-07-08 12:29:09.925613,0 days 00:00:05.262374,301.48586713102884,310.2524186388481,-192.04391826850497,382.7983164909789,337.35174165214215,-355.9338683700636,-70.72928991739624,252.80313727865575,,COMPLETE
148,3.0,2026-07-08 12:29:10.030255,2026-07-08 12:29:15.546865,0 days 00:00:05.516610,303.74048808285085,299.0882042799589,-241.05575576469403,352.81352760083746,332.04100780948204,-362.79736911598224,-71.38339413628246,269.4761645516615,,COMPLETE
149,10.0,2026-07-08 12:29:15.580696,2026-07-08 12:29:20.825018,0 days 00:00:05.244322,283.578053746536,307.0683198889834,-227.18701201495952,350.54851502397736,353.8275266201388,-360.3146148689526,-73.69189020889806,258.75105216902716,,COMPLETE
150,13.0,2026-07-08 14:46:56.676995,2026-07-08 14:47:04.993844,0 days 00:00:08.316849,269.46637797947216,287.37549712784056,-131.60004105893447,83.10820852745206,-471.7782392345852,-121.75456483424807,-74.38995609381641,998.4993982155488,"{'V3': -121.75456483424807, 'V6': -74.38995609381641, 'V9': 998.4993982155488, 'V10': 269.46637797947216, 'V11': 287.37549712784056, 'V12': -131.60004105893447, 'V15': 83.10820852745206, 'V18': -471.7782392345852}",COMPLETE
151,0.0,2026-07-08 14:47:05.046683,2026-07-08 14:47:12.664983,0 days 00:00:07.618300,315.97050205203493,297.1900594096142,-248.65368042707232,525.8925722957173,583.5121543881661,-517.0151963137318,-125.38151782103114,255.2166780638978,,COMPLETE
152,0.0,2026-07-08 14:47:12.738678,2026-07-08 14:47:20.765001,0 days 00:00:08.026323,305.49878207400013,422.56563493863297,-201.1447976530148,935.0999148611708,-848.2797319261098,-804.182243519571,-79.3114299844711,182.54635945507567,,COMPLETE
153,0.0,2026-07-08 14:47:20.863810,2026-07-08 14:47:28.208065,0 days 00:00:07.344255,388.8738805155129,303.82742801414616,-148.09837246616337,273.7574376591877,811.2539880296348,-540.853330208845,-141.50724238164048,328.2718158925735,,COMPLETE
154,0.0,2026-07-08 14:47:28.245873,2026-07-08 14:47:36.294888,0 days 00:00:08.049015,210.1629665350404,228.7380419126162,-136.56313320228165,229.10084979953837,582.7216505876027,-380.97014208074404,-99.53156992384797,279.3652836811104,,COMPLETE
155,0.0,2026-07-08 14:47:36.331913,2026-07-08 14:47:43.767506,0 days 00:00:07.435593,362.7738045258877,376.9481623248664,-181.6664933657878,512.5768081220302,555.9095044942351,-561.6797480085911,-192.24477851575233,251.33604832632506,,COMPLETE
156,0.0,2026-07-08 14:47:43.792849,2026-07-08 14:47:51.520632,0 days 00:00:07.727783,288.1560240232443,265.7183314539309,-283.1991327236246,571.8914947008421,346.09733746848167,996.0876406842093,-70.93264345335004,227.04585020000818,,COMPLETE
157,0.0,2026-07-08 14:47:51.555935,2026-07-08 14:47:58.825250,0 days 00:00:07.269315,334.83618006287264,407.18746097501804,-248.0812736959118,584.5295730713643,308.55364346890116,-439.23340310148075,-155.57284961325445,158.07116267702972,,COMPLETE
158,0.0,2026-07-08 14:47:58.862597,2026-07-08 14:48:05.683040,0 days 00:00:06.820443,219.52856957124948,190.09133210486345,-46.885612684497346,546.6941092966415,534.1505078275885,-354.8191199664696,820.4773338992792,298.0943648194995,,COMPLETE
159,0.0,2026-07-08 14:48:05.728467,2026-07-08 14:48:13.933715,0 days 00:00:08.205248,421.53396871106594,307.2607192557726,-110.15911250169219,656.1435155555048,235.6833438080044,-596.1479884727765,-625.2758317612855,193.43970308960127,,COMPLETE
160,1.0,2026-07-08 14:48:13.962790,2026-07-08 14:48:21.600315,0 days 00:00:07.637525,271.15823105512806,350.72839513278774,-180.8767292567079,-642.7426420665233,358.5239174982994,-403.94322933671975,-108.79547026956962,336.87498417622015,,COMPLETE
161,2.0,2026-07-08 14:48:21.654810,2026-07-08 14:48:29.355475,0 days 00:00:07.700665,271.70716583223606,336.3978449254248,-245.93295464552318,355.4951470313861,270.396913750858,-277.8751232260985,-10.533215204760594,232.50640949135916,,COMPLETE
162,1.0,2026-07-08 14:48:29.392384,2026-07-08 14:48:37.681071,0 days 00:00:08.288687,315.3183678189278,250.10635863194423,-237.29753817294022,294.802762748992,281.06599689034834,-320.52582674318694,11.974014465007727,234.52455843976594,,COMPLETE
163,0.0,2026-07-08 14:48:37.720108,2026-07-08 14:48:45.330846,0 days 00:00:07.610738,246.9089207244182,443.2888895416365,-319.36568665288155,361.5576985631179,394.7508141684679,-373.0564684721836,-63.11172905734084,283.1513177659782,,COMPLETE
164,1.0,2026-07-08 14:48:45.368190,2026-07-08 14:48:53.074743,0 days 00:00:07.706553,370.30722741791084,165.6219759986473,-127.31977281708288,386.9755981076276,318.41123963006487,-286.36124841911305,-202.7323285055785,147.82486650073946,,COMPLETE
165,4.0,2026-07-08 14:48:53.112876,2026-07-08 14:49:00.544417,0 days 00:00:07.431541,170.982242634679,298.68395066895937,-191.83718798482874,255.60887870696047,357.2741140986662,-457.2287881713012,-884.0065376241007,212.2676519287449,,COMPLETE
166,0.0,2026-07-08 14:49:00.585494,2026-07-08 14:49:07.554679,0 days 00:00:06.969185,174.5013507999667,380.909091686108,-216.2018122603907,277.3359742519839,426.4476614780921,-439.691577350912,-965.8864103359383,208.1524481484276,,COMPLETE
167,2.0,2026-07-08 14:49:07.595771,2026-07-08 14:49:14.959205,0 days 00:00:07.363434,282.04584654660675,328.6647907735009,-280.9031317547499,-999.493648308575,349.08186016875493,-462.41044733631117,-133.34776823999013,61.79432475209484,,COMPLETE
168,1.0,2026-07-08 14:49:15.043174,2026-07-08 14:49:21.934650,0 days 00:00:06.891476,223.29369600634675,286.80544648552393,-167.75146279564166,201.65255057692474,380.8442397791017,-338.8212789408932,-717.2138352218885,119.99394580744571,,COMPLETE
169,0.0,2026-07-08 14:49:21.978568,2026-07-08 14:49:28.448569,0 days 00:00:06.470001,330.7578234614231,483.44706590319606,-77.20815440881792,320.44095565700513,257.35524490726266,-379.8341243162393,-865.658101922541,307.45641577254395,,COMPLETE
170,0.0,2026-07-08 14:49:28.487847,2026-07-08 14:49:34.904359,0 days 00:00:06.416512,411.0742083915094,225.12563026626293,-359.80913026027133,436.6575771713546,518.3356969617184,-292.70349234674984,828.4531398751931,255.4999970369409,,COMPLETE
171,7.0,2026-07-08 14:49:34.945608,2026-07-08 14:49:42.077109,0 days 00:00:07.131501,280.2703905686965,339.2546517784239,-274.31398639114394,363.18758687435275,335.3007705907104,-478.0156638337812,-125.3650999193077,185.2651637141172,,COMPLETE
172,1.0,2026-07-08 14:49:42.116813,2026-07-08 14:49:49.394467,0 days 00:00:07.277654,259.9133498199012,338.51727365400444,-254.07024912901448,358.6800358054051,315.2924377234235,-503.6332061789849,-22.048189450105795,191.0300719584479,,COMPLETE
173,6.0,2026-07-08 14:49:49.445240,2026-07-08 14:49:56.359883,0 days 00:00:06.914643,296.2243736351578,266.7598419264697,-191.59289784860957,251.03922814955294,-580.6984930783267,-602.5300819779231,-81.88727416528371,226.02057116744425,,COMPLETE
174,6.0,2026-07-08 14:49:56.404738,2026-07-08 14:50:03.933576,0 days 00:00:07.528838,311.34628401108733,273.9997546179339,-183.4921095034458,245.66072821752692,433.09686611195696,-399.19291021084126,-91.82098881369629,166.22595713066733,,COMPLETE
175,1.0,2026-07-08 14:50:03.971010,2026-07-08 14:50:10.676752,0 days 00:00:06.705742,365.35280077379514,276.9362766539985,-161.14642893892352,249.19379088893493,-586.0245809209363,-678.147111400165,-101.94185412876794,161.28712668795524,,COMPLETE
